<?xml version="1.0" encoding="UTF-8"?>
<testng-results ignored="0" total="1" passed="1" failed="0" skipped="0">
  <reporter-output>
  </reporter-output>
  <suite started-at="2021-06-05T13:57:58Z" name="Default suite" finished-at="2021-06-05T13:58:00Z" duration-ms="2789">
    <groups>
    </groups>
    <test started-at="2021-06-05T13:57:58Z" name="Default test" finished-at="2021-06-05T13:58:00Z" duration-ms="2789">
      <class name="com.google.GoogleTest">
        <test-method is-config="true" signature="beforeTest()[pri:0, instance:com.google.GoogleTest@2a225dd7]" started-at="2021-06-05T13:57:58Z" name="beforeTest" finished-at="2021-06-05T13:57:58Z" duration-ms="8" status="PASS">
          <reporter-output>
          </reporter-output>
        </test-method> <!-- beforeTest -->
        <test-method signature="f()[pri:0, instance:com.google.GoogleTest@2a225dd7]" started-at="2021-06-05T13:57:58Z" name="f" finished-at="2021-06-05T13:58:00Z" duration-ms="2739" status="PASS">
          <reporter-output>
          </reporter-output>
        </test-method> <!-- f -->
        <test-method is-config="true" signature="afterTest()[pri:0, instance:com.google.GoogleTest@2a225dd7]" started-at="2021-06-05T13:58:00Z" name="afterTest" finished-at="2021-06-05T13:58:00Z" duration-ms="2" status="PASS">
          <reporter-output>
          </reporter-output>
        </test-method> <!-- afterTest -->
      </class> <!-- com.google.GoogleTest -->
    </test> <!-- Default test -->
  </suite> <!-- Default suite -->
</testng-results>
